<?xml version="1.0" encoding="UTF-8"?>
<!-- Generated by org.testng.reporters.JUnitXMLReporter -->
<testsuite ignored="0" hostname="DESKTOP-OTPBCG2" failures="0" tests="1" name="chat page" time="0.05" errors="0" timestamp="2020-06-15T12:26:55 IST">
  <testcase classname="mobilfuns.a_chat.chatpage" name="@BeforeTest BeforeTest" time="0.003">
    <failure type="java.lang.NullPointerException">
      <![CDATA[java.lang.NullPointerException
at mobilfuns.a_chat.chatpage.BeforeTest(chatpage.java:27)
... Removed 24 stack frames]]>
    </failure>
  </testcase> <!-- @BeforeTest BeforeTest -->
  <testcase classname="mobilfuns.a_chat.chatpage" name="@AfterTest AfterTest" time="-1.592204215647E9">
    <skipped/>
  </testcase> <!-- @AfterTest AfterTest -->
  <testcase classname="mobilfuns.a_chat.chatpage" name="chat" time="0.0">
    <skipped/>
  </testcase> <!-- chat -->
</testsuite> <!-- chat page -->
