<?xml version="1.0" encoding="UTF-8"?>
<testng-results ignored="0" total="10" passed="10" failed="0" skipped="0">
  <reporter-output>
  </reporter-output>
  <suite started-at="2020-07-07T10:30:43 IST" name="Default suite" finished-at="2020-07-07T10:33:06 IST" duration-ms="142865">
    <groups>
    </groups>
    <test started-at="2020-07-07T10:30:43 IST" name="Default test" finished-at="2020-07-07T10:33:06 IST" duration-ms="142865">
      <class name="mobilfuns.a_chat.individualchat">
        <test-method is-config="true" signature="BeforeTest()[pri:0, instance:mobilfuns.a_chat.individualchat@737a135b]" started-at="2020-07-07T10:30:43 IST" name="BeforeTest" finished-at="2020-07-07T10:31:07 IST" duration-ms="24157" status="PASS">
          <reporter-output>
          </reporter-output>
        </test-method> <!-- BeforeTest -->
        <test-method signature="sendtxt()[pri:1, instance:mobilfuns.a_chat.individualchat@737a135b]" started-at="2020-07-07T10:31:07 IST" name="sendtxt" finished-at="2020-07-07T10:31:11 IST" duration-ms="3556" status="PASS">
          <reporter-output>
          </reporter-output>
        </test-method> <!-- sendtxt -->
        <test-method signature="timermsg()[pri:2, instance:mobilfuns.a_chat.individualchat@737a135b]" started-at="2020-07-07T10:31:11 IST" name="timermsg" finished-at="2020-07-07T10:31:17 IST" duration-ms="6587" status="PASS">
          <reporter-output>
          </reporter-output>
        </test-method> <!-- timermsg -->
        <test-method signature="send_imges()[pri:3, instance:mobilfuns.a_chat.individualchat@737a135b]" started-at="2020-07-07T10:31:17 IST" name="send_imges" finished-at="2020-07-07T10:31:32 IST" duration-ms="14483" status="PASS">
          <reporter-output>
          </reporter-output>
        </test-method> <!-- send_imges -->
        <test-method signature="send_documents()[pri:4, instance:mobilfuns.a_chat.individualchat@737a135b]" started-at="2020-07-07T10:31:32 IST" name="send_documents" finished-at="2020-07-07T10:31:39 IST" duration-ms="7539" status="PASS">
          <reporter-output>
          </reporter-output>
        </test-method> <!-- send_documents -->
        <test-method signature="send_videos()[pri:5, instance:mobilfuns.a_chat.individualchat@737a135b]" started-at="2020-07-07T10:31:39 IST" name="send_videos" finished-at="2020-07-07T10:31:53 IST" duration-ms="13390" status="PASS">
          <reporter-output>
          </reporter-output>
        </test-method> <!-- send_videos -->
        <test-method signature="send_audios()[pri:6, instance:mobilfuns.a_chat.individualchat@737a135b]" started-at="2020-07-07T10:31:53 IST" name="send_audios" finished-at="2020-07-07T10:32:05 IST" duration-ms="12197" status="PASS">
          <reporter-output>
          </reporter-output>
        </test-method> <!-- send_audios -->
        <test-method signature="send_currentlocation()[pri:7, instance:mobilfuns.a_chat.individualchat@737a135b]" started-at="2020-07-07T10:32:05 IST" name="send_currentlocation" finished-at="2020-07-07T10:32:23 IST" duration-ms="18350" status="PASS">
          <reporter-output>
          </reporter-output>
        </test-method> <!-- send_currentlocation -->
        <test-method signature="send_differentlocation()[pri:8, instance:mobilfuns.a_chat.individualchat@737a135b]" started-at="2020-07-07T10:32:23 IST" name="send_differentlocation" finished-at="2020-07-07T10:32:36 IST" duration-ms="13022" status="PASS">
          <reporter-output>
          </reporter-output>
        </test-method> <!-- send_differentlocation -->
        <test-method signature="send_cameraphoto()[pri:9, instance:mobilfuns.a_chat.individualchat@737a135b]" started-at="2020-07-07T10:32:36 IST" name="send_cameraphoto" finished-at="2020-07-07T10:32:52 IST" duration-ms="16163" status="PASS">
          <reporter-output>
          </reporter-output>
        </test-method> <!-- send_cameraphoto -->
        <test-method signature="record_audio()[pri:10, instance:mobilfuns.a_chat.individualchat@737a135b]" started-at="2020-07-07T10:32:52 IST" name="record_audio" finished-at="2020-07-07T10:33:00 IST" duration-ms="7723" status="PASS">
          <reporter-output>
          </reporter-output>
        </test-method> <!-- record_audio -->
        <test-method is-config="true" signature="AfterTest()[pri:0, instance:mobilfuns.a_chat.individualchat@737a135b]" started-at="2020-07-07T10:33:00 IST" name="AfterTest" finished-at="2020-07-07T10:33:06 IST" duration-ms="5571" status="PASS">
          <reporter-output>
          </reporter-output>
        </test-method> <!-- AfterTest -->
      </class> <!-- mobilfuns.a_chat.individualchat -->
    </test> <!-- Default test -->
  </suite> <!-- Default suite -->
</testng-results>
