<?xml version="1.0" encoding="UTF-8"?>
<!-- Generated by org.testng.reporters.JUnitXMLReporter -->
<testsuite ignored="0" hostname="DESKTOP-OTPBCG2" failures="0" tests="10" name="Default test" time="142.865" errors="0" timestamp="2020-07-07T10:33:06 IST">
  <testcase classname="mobilfuns.a_chat.individualchat" name="sendtxt" time="3.556"/>
  <testcase classname="mobilfuns.a_chat.individualchat" name="timermsg" time="6.587"/>
  <testcase classname="mobilfuns.a_chat.individualchat" name="send_imges" time="14.483"/>
  <testcase classname="mobilfuns.a_chat.individualchat" name="send_documents" time="7.539"/>
  <testcase classname="mobilfuns.a_chat.individualchat" name="send_videos" time="13.39"/>
  <testcase classname="mobilfuns.a_chat.individualchat" name="send_audios" time="12.197"/>
  <testcase classname="mobilfuns.a_chat.individualchat" name="send_currentlocation" time="18.35"/>
  <testcase classname="mobilfuns.a_chat.individualchat" name="send_differentlocation" time="13.022"/>
  <testcase classname="mobilfuns.a_chat.individualchat" name="send_cameraphoto" time="16.163"/>
  <testcase classname="mobilfuns.a_chat.individualchat" name="record_audio" time="7.723"/>
</testsuite> <!-- Default test -->
